<?xml version="1.0" encoding="UTF-8"?>
<!-- Generated by org.testng.reporters.JUnitReportReporter -->
<testsuite hostname="h-MacBook-Air-sl-Selva.local" failures="0" tests="2" name="com.qa.tests.LoginTest" time="12.293" errors="0" timestamp="2026-06-26T18:33:35 EDT" skipped="1">
  <testcase classname="com.qa.tests.LoginTest" name="validloginTest" time="12.293"/>
  <testcase classname="com.qa.tests.LoginTest" name="InvalidLoginTest">
    <skipped/>
  </testcase> <!-- InvalidLoginTest -->
</testsuite> <!-- com.qa.tests.LoginTest -->
