<?xml version="1.0" encoding="UTF-8"?>
<!-- Generated by org.testng.reporters.JUnitReportReporter -->
<testsuite hostname="h-MacBook-Air-sl-Selva.local" failures="0" tests="3" name="com.qa.tests.CheckoutTest" time="48.411" errors="0" timestamp="2026-06-27T14:36:43 EDT" skipped="0">
  <testcase classname="com.qa.tests.CheckoutTest" name="CheckoutPageOverviewdetails" time="15.707"/>
  <testcase classname="com.qa.tests.CheckoutTest" name="verifyPersonalDetails_InValidDetails" time="18.304"/>
  <testcase classname="com.qa.tests.CheckoutTest" name="verifyPersonalDetails_ValidDetails" time="14.400"/>
</testsuite> <!-- com.qa.tests.CheckoutTest -->
