<?xml version="1.0" encoding="UTF-8"?>
<!-- Generated by org.testng.reporters.JUnitXMLReporter -->
<testsuite ignored="0" hostname="h-MacBook-Air-sl-Selva.local" failures="0" tests="3" name="Default test" time="48.506" errors="0" timestamp="2026-06-27T14:36:43 EDT">
  <testcase classname="com.qa.tests.CheckoutTest" name="CheckoutPageOverviewdetails" time="7.999"/>
  <testcase classname="com.qa.tests.CheckoutTest" name="verifyPersonalDetails_InValidDetails" time="7.07"/>
  <testcase classname="com.qa.tests.CheckoutTest" name="verifyPersonalDetails_ValidDetails" time="6.778"/>
</testsuite> <!-- Default test -->
